This is pdfTeX, Version 3.141592653-2.6-1.40.25 (MiKTeX 23.10) (preloaded format=pdflatex 2023.11.19)  19 NOV 2023 02:40
entering extended mode
 restricted \write18 enabled.
 %&-line parsing enabled.
**.\_build\pdf\mymeteoreport.tex

! Emergency stop.
<to be read again> 
                   \protect 
<*> .\_
       build\pdf\mymeteoreport.tex
End of file on the terminal!

 
Here is how much of TeX's memory you used:
 2 strings out of 475248
 11 string characters out of 5758284
 1917785 words of memory out of 5000000
 21631 multiletter control sequences out of 15000+600000
 558069 words of font info for 36 fonts, out of 8000000 for 9000
 1141 hyphenation exceptions out of 8191
 2i,0n,1p,1b,6s stack positions out of 10000i,1000n,20000p,200000b,200000s
!  ==> Fatal error occurred, no output PDF file produced!
